SF:lib/src/extensions/list_extensions.dart
DA:5,0
DA:8,0
LF:2
LH:0
end_of_record
SF:lib/src/extensions/list_widget_extensions.dart
DA:31,1
DA:32,2
DA:33,3
DA:34,3
DA:35,2
DA:36,1
DA:37,2
LF:7
LH:7
end_of_record
SF:lib/src/extensions/object_extensions.dart
DA:5,0
DA:6,0
DA:7,0
DA:9,0
LF:4
LH:0
end_of_record
SF:lib/src/extensions/string_extensions.dart
DA:14,0
DA:15,0
DA:16,0
DA:20,0
DA:26,0
DA:27,0
LF:6
LH:0
end_of_record
SF:lib/src/widgets/row_with_columns.dart
DA:11,1
DA:18,2
DA:24,1
DA:31,1
DA:39,1
DA:47,1
DA:55,1
DA:63,1
DA:64,1
DA:65,2
DA:66,1
DA:71,2
DA:73,1
DA:75,4
DA:79,1
DA:97,1
DA:99,1
DA:100,1
DA:101,1
DA:102,1
DA:103,3
DA:104,1
DA:105,3
LF:23
LH:23
end_of_record
SF:lib/src/widgets/spacers.dart
DA:31,1
DA:34,0
DA:37,0
DA:40,0
DA:43,0
DA:46,0
DA:49,0
DA:52,0
DA:55,0
DA:58,0
DA:62,0
DA:65,0
DA:68,0
DA:71,0
DA:98,1
DA:101,0
DA:104,0
DA:107,0
DA:110,0
DA:113,1
DA:116,0
DA:119,0
DA:122,0
DA:125,0
DA:128,0
DA:131,0
DA:134,0
DA:137,0
LF:28
LH:3
end_of_record
