SF:lib/src/extensions/list_extensions.dart
DA:5,4
DA:8,2
LF:2
LH:2
end_of_record
SF:lib/src/extensions/list_widget_extensions.dart
DA:31,1
DA:32,2
DA:33,3
DA:34,3
DA:35,2
DA:36,1
DA:37,2
LF:7
LH:7
end_of_record
SF:lib/src/extensions/object_extensions.dart
DA:5,1
DA:6,1
DA:7,2
DA:9,1
LF:4
LH:4
end_of_record
SF:lib/src/extensions/string_extensions.dart
DA:14,2
DA:15,4
DA:16,1
DA:20,4
DA:26,1
DA:27,1
LF:6
LH:6
end_of_record
SF:lib/src/widgets/spacers.dart
DA:31,1
DA:34,1
DA:37,1
DA:40,1
DA:43,1
DA:46,1
DA:49,1
DA:52,1
DA:55,1
DA:58,1
DA:62,1
DA:65,1
DA:68,1
DA:71,1
DA:98,1
DA:101,1
DA:104,1
DA:107,1
DA:110,1
DA:113,1
DA:116,1
DA:119,1
DA:122,1
DA:125,1
DA:128,1
DA:131,1
DA:134,1
DA:137,1
LF:28
LH:28
end_of_record
